<?xml version="1.0" encoding="UTF-8"?>
<testng-results skipped="0" failed="0" ignored="0" total="1" passed="1">
  <reporter-output>
  </reporter-output>
  <suite name="Default suite" duration-ms="40851" started-at="2020-07-24T17:26:45Z" finished-at="2020-07-24T17:27:26Z">
    <groups>
    </groups>
    <test name="Default test" duration-ms="40851" started-at="2020-07-24T17:26:45Z" finished-at="2020-07-24T17:27:26Z">
      <class name="com.elf.testscripts.CreateCustomer">
        <test-method status="PASS" signature="openBrowser()[pri:0, instance:com.elf.testscripts.CreateCustomer@28d25987]" name="openBrowser" is-config="true" duration-ms="6511" started-at="2020-07-24T17:26:45Z" finished-at="2020-07-24T17:26:52Z">
          <reporter-output>
          </reporter-output>
        </test-method> <!-- openBrowser -->
        <test-method status="PASS" signature="login()[pri:0, instance:com.elf.testscripts.CreateCustomer@28d25987]" name="login" is-config="true" duration-ms="12308" started-at="2020-07-24T17:26:52Z" finished-at="2020-07-24T17:27:04Z">
          <reporter-output>
          </reporter-output>
        </test-method> <!-- login -->
        <test-method status="PASS" signature="testCreateCustomer()[pri:0, instance:com.elf.testscripts.CreateCustomer@28d25987]" name="testCreateCustomer" duration-ms="18380" started-at="2020-07-24T17:27:04Z" finished-at="2020-07-24T17:27:23Z">
          <reporter-output>
          </reporter-output>
        </test-method> <!-- testCreateCustomer -->
        <test-method status="PASS" signature="logout()[pri:0, instance:com.elf.testscripts.CreateCustomer@28d25987]" name="logout" is-config="true" duration-ms="3460" started-at="2020-07-24T17:27:23Z" finished-at="2020-07-24T17:27:26Z">
          <reporter-output>
          </reporter-output>
        </test-method> <!-- logout -->
        <test-method status="PASS" signature="closeBrowser()[pri:0, instance:com.elf.testscripts.CreateCustomer@28d25987]" name="closeBrowser" is-config="true" duration-ms="158" started-at="2020-07-24T17:27:26Z" finished-at="2020-07-24T17:27:26Z">
          <reporter-output>
          </reporter-output>
        </test-method> <!-- closeBrowser -->
      </class> <!-- com.elf.testscripts.CreateCustomer -->
    </test> <!-- Default test -->
  </suite> <!-- Default suite -->
</testng-results>
